x264 configure script
Command line options: "--prefix=/home/paris/eclipse_workspaces/workspace-2.0/tk-android-media/jni/ffmpeg-0.7-rc1/x264-0.106.1741/../x264install" "--disable-gpac" "--extra-cflags=" "-I/home/paris/android-ndk-r5b/platforms/android-8/arch-arm/usr/include" "-fPIC" "-DANDROID" "-fpic" "-mthumb-interwork" "-ffunction-sections" "-funwind-tables" "-fstack-protector" "-fno-short-enums" "-D__ARM_ARCH_5__" "-D__ARM_ARCH_5T__" "-D__ARM_ARCH_5E__" "-D__ARM_ARCH_5TE__" "-Wno-psabi" "-march=armv5te" "-mtune=xscale" "-msoft-float" "-mthumb" "-Os" "-fomit-frame-pointer" "-fno-strict-aliasing" "-finline-limit=64" "-DANDROID" "-Wa,--noexecstack" "-MMD" "-MP" "--extra-ldflags=-L/home/paris/android-ndk-r5b/toolchains/arm-eabi-4.4.0/prebuilt/linux-x86/lib/gcc/arm-eabi/4.4.0" "-nostdlib" "-Bdynamic" "-Wl,--no-undefined" "-Wl,-z,noexecstack" "-Wl,-z,nocopyreloc" "-Wl,-soname,/system/lib/libz.so" "-Wl,-rpath-link=/home/paris/android-ndk-r5b/platforms/android-8/arch-arm/usr/lib,-dynamic-linker=/system/bin/linker" "-L/home/paris/android-ndk-r5b/platforms/android-8/arch-arm/usr/lib" "-nostdlib" "/home/paris/android-ndk-r5b/platforms/android-8/arch-arm/usr/lib/crtbegin_dynamic.o" "/home/paris/android-ndk-r5b/platforms/android-8/arch-arm/usr/lib/crtend_android.o" "-lc" "-lm" "-ldl" "-lgcc" "--cross-prefix=/home/paris/android-ndk-r5b/toolchains/arm-eabi-4.4.0/prebuilt/linux-x86/bin/arm-eabi-" "--disable-asm" "--disable-pthread" "--host=arm-linux"

checking whether /home/paris/android-ndk-r5b/toolchains/arm-eabi-4.4.0/prebuilt/linux-x86/bin/arm-eabi-gcc works... yes
checking for -std=gnu99... yes
checking for return log2f(2); in math.h... no
Failed commandline was:
--------------------------------------------------
/home/paris/android-ndk-r5b/toolchains/arm-eabi-4.4.0/prebuilt/linux-x86/bin/arm-eabi-gcc conftest.c  -Wall -I.  -I/home/paris/android-ndk-r5b/platforms/android-8/arch-arm/usr/include -fPIC -DANDROID -fpic -mthumb-interwork -ffunction-sections -funwind-tables -fstack-protector -fno-short-enums -D__ARM_ARCH_5__ -D__ARM_ARCH_5T__ -D__ARM_ARCH_5E__ -D__ARM_ARCH_5TE__  -Wno-psabi -march=armv5te -mtune=xscale -msoft-float -mthumb -Os -fomit-frame-pointer -fno-strict-aliasing -finline-limit=64 -DANDROID  -Wa,--noexecstack -MMD -MP  -std=gnu99 -Werror   -L/home/paris/android-ndk-r5b/toolchains/arm-eabi-4.4.0/prebuilt/linux-x86/lib/gcc/arm-eabi/4.4.0  -nostdlib -Bdynamic  -Wl,--no-undefined -Wl,-z,noexecstack  -Wl,-z,nocopyreloc -Wl,-soname,/system/lib/libz.so -Wl,-rpath-link=/home/paris/android-ndk-r5b/platforms/android-8/arch-arm/usr/lib,-dynamic-linker=/system/bin/linker -L/home/paris/android-ndk-r5b/platforms/android-8/arch-arm/usr/lib -nostdlib /home/paris/android-ndk-r5b/platforms/android-8/arch-arm/usr/lib/crtbegin_dynamic.o /home/paris/android-ndk-r5b/platforms/android-8/arch-arm/usr/lib/crtend_android.o -lc -lm -ldl -lgcc  -lm
cc1: warnings being treated as errors
conftest.c: In function 'main':
conftest.c:2: error: implicit declaration of function 'log2f'
conftest.c:2: error: incompatible implicit declaration of built-in function 'log2f'
--------------------------------------------------
checking for sws_getContext(0,0,0,0,0,0,0,0,0,0); in libswscale/swscale.h... no
Failed commandline was:
--------------------------------------------------
/home/paris/android-ndk-r5b/toolchains/arm-eabi-4.4.0/prebuilt/linux-x86/bin/arm-eabi-gcc conftest.c  -Wall -I.  -I/home/paris/android-ndk-r5b/platforms/android-8/arch-arm/usr/include -fPIC -DANDROID -fpic -mthumb-interwork -ffunction-sections -funwind-tables -fstack-protector -fno-short-enums -D__ARM_ARCH_5__ -D__ARM_ARCH_5T__ -D__ARM_ARCH_5E__ -D__ARM_ARCH_5TE__  -Wno-psabi -march=armv5te -mtune=xscale -msoft-float -mthumb -Os -fomit-frame-pointer -fno-strict-aliasing -finline-limit=64 -DANDROID  -Wa,--noexecstack -MMD -MP  -std=gnu99  -lswscale -lavutil   -L/home/paris/android-ndk-r5b/toolchains/arm-eabi-4.4.0/prebuilt/linux-x86/lib/gcc/arm-eabi/4.4.0  -nostdlib -Bdynamic  -Wl,--no-undefined -Wl,-z,noexecstack  -Wl,-z,nocopyreloc -Wl,-soname,/system/lib/libz.so -Wl,-rpath-link=/home/paris/android-ndk-r5b/platforms/android-8/arch-arm/usr/lib,-dynamic-linker=/system/bin/linker -L/home/paris/android-ndk-r5b/platforms/android-8/arch-arm/usr/lib -nostdlib /home/paris/android-ndk-r5b/platforms/android-8/arch-arm/usr/lib/crtbegin_dynamic.o /home/paris/android-ndk-r5b/platforms/android-8/arch-arm/usr/lib/crtend_android.o -lc -lm -ldl -lgcc  -lm
conftest.c:1:32: error: libswscale/swscale.h: No such file or directory
conftest.c: In function 'main':
conftest.c:2: warning: implicit declaration of function 'sws_getContext'
--------------------------------------------------
checking for -lpostproc... no
Failed commandline was:
--------------------------------------------------
/home/paris/android-ndk-r5b/toolchains/arm-eabi-4.4.0/prebuilt/linux-x86/bin/arm-eabi-gcc conftest.c  -Wall -I.  -I/home/paris/android-ndk-r5b/platforms/android-8/arch-arm/usr/include -fPIC -DANDROID -fpic -mthumb-interwork -ffunction-sections -funwind-tables -fstack-protector -fno-short-enums -D__ARM_ARCH_5__ -D__ARM_ARCH_5T__ -D__ARM_ARCH_5E__ -D__ARM_ARCH_5TE__  -Wno-psabi -march=armv5te -mtune=xscale -msoft-float -mthumb -Os -fomit-frame-pointer -fno-strict-aliasing -finline-limit=64 -DANDROID  -Wa,--noexecstack -MMD -MP  -std=gnu99 -lpostproc   -L/home/paris/android-ndk-r5b/toolchains/arm-eabi-4.4.0/prebuilt/linux-x86/lib/gcc/arm-eabi/4.4.0  -nostdlib -Bdynamic  -Wl,--no-undefined -Wl,-z,noexecstack  -Wl,-z,nocopyreloc -Wl,-soname,/system/lib/libz.so -Wl,-rpath-link=/home/paris/android-ndk-r5b/platforms/android-8/arch-arm/usr/lib,-dynamic-linker=/system/bin/linker -L/home/paris/android-ndk-r5b/platforms/android-8/arch-arm/usr/lib -nostdlib /home/paris/android-ndk-r5b/platforms/android-8/arch-arm/usr/lib/crtbegin_dynamic.o /home/paris/android-ndk-r5b/platforms/android-8/arch-arm/usr/lib/crtend_android.o -lc -lm -ldl -lgcc  -lm
/home/paris/android-ndk-r5b/toolchains/arm-eabi-4.4.0/prebuilt/linux-x86/bin/../lib/gcc/arm-eabi/4.4.0/../../../../arm-eabi/bin/ld: cannot find -lpostproc
collect2: ld returned 1 exit status
--------------------------------------------------
checking for -lavcodec... no
Failed commandline was:
--------------------------------------------------
/home/paris/android-ndk-r5b/toolchains/arm-eabi-4.4.0/prebuilt/linux-x86/bin/arm-eabi-gcc conftest.c  -Wall -I.  -I/home/paris/android-ndk-r5b/platforms/android-8/arch-arm/usr/include -fPIC -DANDROID -fpic -mthumb-interwork -ffunction-sections -funwind-tables -fstack-protector -fno-short-enums -D__ARM_ARCH_5__ -D__ARM_ARCH_5T__ -D__ARM_ARCH_5E__ -D__ARM_ARCH_5TE__  -Wno-psabi -march=armv5te -mtune=xscale -msoft-float -mthumb -Os -fomit-frame-pointer -fno-strict-aliasing -finline-limit=64 -DANDROID  -Wa,--noexecstack -MMD -MP  -std=gnu99 -lavcodec   -L/home/paris/android-ndk-r5b/toolchains/arm-eabi-4.4.0/prebuilt/linux-x86/lib/gcc/arm-eabi/4.4.0  -nostdlib -Bdynamic  -Wl,--no-undefined -Wl,-z,noexecstack  -Wl,-z,nocopyreloc -Wl,-soname,/system/lib/libz.so -Wl,-rpath-link=/home/paris/android-ndk-r5b/platforms/android-8/arch-arm/usr/lib,-dynamic-linker=/system/bin/linker -L/home/paris/android-ndk-r5b/platforms/android-8/arch-arm/usr/lib -nostdlib /home/paris/android-ndk-r5b/platforms/android-8/arch-arm/usr/lib/crtbegin_dynamic.o /home/paris/android-ndk-r5b/platforms/android-8/arch-arm/usr/lib/crtend_android.o -lc -lm -ldl -lgcc  -lm
/home/paris/android-ndk-r5b/toolchains/arm-eabi-4.4.0/prebuilt/linux-x86/bin/../lib/gcc/arm-eabi/4.4.0/../../../../arm-eabi/bin/ld: cannot find -lavcodec
collect2: ld returned 1 exit status
--------------------------------------------------
checking for -lavcore... no
Failed commandline was:
--------------------------------------------------
/home/paris/android-ndk-r5b/toolchains/arm-eabi-4.4.0/prebuilt/linux-x86/bin/arm-eabi-gcc conftest.c  -Wall -I.  -I/home/paris/android-ndk-r5b/platforms/android-8/arch-arm/usr/include -fPIC -DANDROID -fpic -mthumb-interwork -ffunction-sections -funwind-tables -fstack-protector -fno-short-enums -D__ARM_ARCH_5__ -D__ARM_ARCH_5T__ -D__ARM_ARCH_5E__ -D__ARM_ARCH_5TE__  -Wno-psabi -march=armv5te -mtune=xscale -msoft-float -mthumb -Os -fomit-frame-pointer -fno-strict-aliasing -finline-limit=64 -DANDROID  -Wa,--noexecstack -MMD -MP  -std=gnu99 -lavcore   -L/home/paris/android-ndk-r5b/toolchains/arm-eabi-4.4.0/prebuilt/linux-x86/lib/gcc/arm-eabi/4.4.0  -nostdlib -Bdynamic  -Wl,--no-undefined -Wl,-z,noexecstack  -Wl,-z,nocopyreloc -Wl,-soname,/system/lib/libz.so -Wl,-rpath-link=/home/paris/android-ndk-r5b/platforms/android-8/arch-arm/usr/lib,-dynamic-linker=/system/bin/linker -L/home/paris/android-ndk-r5b/platforms/android-8/arch-arm/usr/lib -nostdlib /home/paris/android-ndk-r5b/platforms/android-8/arch-arm/usr/lib/crtbegin_dynamic.o /home/paris/android-ndk-r5b/platforms/android-8/arch-arm/usr/lib/crtend_android.o -lc -lm -ldl -lgcc  -lm
/home/paris/android-ndk-r5b/toolchains/arm-eabi-4.4.0/prebuilt/linux-x86/bin/../lib/gcc/arm-eabi/4.4.0/../../../../arm-eabi/bin/ld: cannot find -lavcore
collect2: ld returned 1 exit status
--------------------------------------------------
checking for -lswscale... no
Failed commandline was:
--------------------------------------------------
/home/paris/android-ndk-r5b/toolchains/arm-eabi-4.4.0/prebuilt/linux-x86/bin/arm-eabi-gcc conftest.c  -Wall -I.  -I/home/paris/android-ndk-r5b/platforms/android-8/arch-arm/usr/include -fPIC -DANDROID -fpic -mthumb-interwork -ffunction-sections -funwind-tables -fstack-protector -fno-short-enums -D__ARM_ARCH_5__ -D__ARM_ARCH_5T__ -D__ARM_ARCH_5E__ -D__ARM_ARCH_5TE__  -Wno-psabi -march=armv5te -mtune=xscale -msoft-float -mthumb -Os -fomit-frame-pointer -fno-strict-aliasing -finline-limit=64 -DANDROID  -Wa,--noexecstack -MMD -MP  -std=gnu99 -lswscale   -L/home/paris/android-ndk-r5b/toolchains/arm-eabi-4.4.0/prebuilt/linux-x86/lib/gcc/arm-eabi/4.4.0  -nostdlib -Bdynamic  -Wl,--no-undefined -Wl,-z,noexecstack  -Wl,-z,nocopyreloc -Wl,-soname,/system/lib/libz.so -Wl,-rpath-link=/home/paris/android-ndk-r5b/platforms/android-8/arch-arm/usr/lib,-dynamic-linker=/system/bin/linker -L/home/paris/android-ndk-r5b/platforms/android-8/arch-arm/usr/lib -nostdlib /home/paris/android-ndk-r5b/platforms/android-8/arch-arm/usr/lib/crtbegin_dynamic.o /home/paris/android-ndk-r5b/platforms/android-8/arch-arm/usr/lib/crtend_android.o -lc -lm -ldl -lgcc  -lm
/home/paris/android-ndk-r5b/toolchains/arm-eabi-4.4.0/prebuilt/linux-x86/bin/../lib/gcc/arm-eabi/4.4.0/../../../../arm-eabi/bin/ld: cannot find -lswscale
collect2: ld returned 1 exit status
--------------------------------------------------
checking for -lavutil... no
Failed commandline was:
--------------------------------------------------
/home/paris/android-ndk-r5b/toolchains/arm-eabi-4.4.0/prebuilt/linux-x86/bin/arm-eabi-gcc conftest.c  -Wall -I.  -I/home/paris/android-ndk-r5b/platforms/android-8/arch-arm/usr/include -fPIC -DANDROID -fpic -mthumb-interwork -ffunction-sections -funwind-tables -fstack-protector -fno-short-enums -D__ARM_ARCH_5__ -D__ARM_ARCH_5T__ -D__ARM_ARCH_5E__ -D__ARM_ARCH_5TE__  -Wno-psabi -march=armv5te -mtune=xscale -msoft-float -mthumb -Os -fomit-frame-pointer -fno-strict-aliasing -finline-limit=64 -DANDROID  -Wa,--noexecstack -MMD -MP  -std=gnu99 -lavutil   -L/home/paris/android-ndk-r5b/toolchains/arm-eabi-4.4.0/prebuilt/linux-x86/lib/gcc/arm-eabi/4.4.0  -nostdlib -Bdynamic  -Wl,--no-undefined -Wl,-z,noexecstack  -Wl,-z,nocopyreloc -Wl,-soname,/system/lib/libz.so -Wl,-rpath-link=/home/paris/android-ndk-r5b/platforms/android-8/arch-arm/usr/lib,-dynamic-linker=/system/bin/linker -L/home/paris/android-ndk-r5b/platforms/android-8/arch-arm/usr/lib -nostdlib /home/paris/android-ndk-r5b/platforms/android-8/arch-arm/usr/lib/crtbegin_dynamic.o /home/paris/android-ndk-r5b/platforms/android-8/arch-arm/usr/lib/crtend_android.o -lc -lm -ldl -lgcc  -lm
/home/paris/android-ndk-r5b/toolchains/arm-eabi-4.4.0/prebuilt/linux-x86/bin/../lib/gcc/arm-eabi/4.4.0/../../../../arm-eabi/bin/ld: cannot find -lavutil
collect2: ld returned 1 exit status
--------------------------------------------------
checking for -lm... yes
checking for -lz... yes
checking for -lbz2... no
Failed commandline was:
--------------------------------------------------
/home/paris/android-ndk-r5b/toolchains/arm-eabi-4.4.0/prebuilt/linux-x86/bin/arm-eabi-gcc conftest.c  -Wall -I.  -I/home/paris/android-ndk-r5b/platforms/android-8/arch-arm/usr/include -fPIC -DANDROID -fpic -mthumb-interwork -ffunction-sections -funwind-tables -fstack-protector -fno-short-enums -D__ARM_ARCH_5__ -D__ARM_ARCH_5T__ -D__ARM_ARCH_5E__ -D__ARM_ARCH_5TE__  -Wno-psabi -march=armv5te -mtune=xscale -msoft-float -mthumb -Os -fomit-frame-pointer -fno-strict-aliasing -finline-limit=64 -DANDROID  -Wa,--noexecstack -MMD -MP  -std=gnu99 -lbz2   -L/home/paris/android-ndk-r5b/toolchains/arm-eabi-4.4.0/prebuilt/linux-x86/lib/gcc/arm-eabi/4.4.0  -nostdlib -Bdynamic  -Wl,--no-undefined -Wl,-z,noexecstack  -Wl,-z,nocopyreloc -Wl,-soname,/system/lib/libz.so -Wl,-rpath-link=/home/paris/android-ndk-r5b/platforms/android-8/arch-arm/usr/lib,-dynamic-linker=/system/bin/linker -L/home/paris/android-ndk-r5b/platforms/android-8/arch-arm/usr/lib -nostdlib /home/paris/android-ndk-r5b/platforms/android-8/arch-arm/usr/lib/crtbegin_dynamic.o /home/paris/android-ndk-r5b/platforms/android-8/arch-arm/usr/lib/crtend_android.o -lc -lm -ldl -lgcc  -lm
/home/paris/android-ndk-r5b/toolchains/arm-eabi-4.4.0/prebuilt/linux-x86/bin/../lib/gcc/arm-eabi/4.4.0/../../../../arm-eabi/bin/ld: cannot find -lbz2
collect2: ld returned 1 exit status
--------------------------------------------------
checking for -lavifil32... no
Failed commandline was:
--------------------------------------------------
/home/paris/android-ndk-r5b/toolchains/arm-eabi-4.4.0/prebuilt/linux-x86/bin/arm-eabi-gcc conftest.c  -Wall -I.  -I/home/paris/android-ndk-r5b/platforms/android-8/arch-arm/usr/include -fPIC -DANDROID -fpic -mthumb-interwork -ffunction-sections -funwind-tables -fstack-protector -fno-short-enums -D__ARM_ARCH_5__ -D__ARM_ARCH_5T__ -D__ARM_ARCH_5E__ -D__ARM_ARCH_5TE__  -Wno-psabi -march=armv5te -mtune=xscale -msoft-float -mthumb -Os -fomit-frame-pointer -fno-strict-aliasing -finline-limit=64 -DANDROID  -Wa,--noexecstack -MMD -MP  -std=gnu99 -lavifil32   -L/home/paris/android-ndk-r5b/toolchains/arm-eabi-4.4.0/prebuilt/linux-x86/lib/gcc/arm-eabi/4.4.0  -nostdlib -Bdynamic  -Wl,--no-undefined -Wl,-z,noexecstack  -Wl,-z,nocopyreloc -Wl,-soname,/system/lib/libz.so -Wl,-rpath-link=/home/paris/android-ndk-r5b/platforms/android-8/arch-arm/usr/lib,-dynamic-linker=/system/bin/linker -L/home/paris/android-ndk-r5b/platforms/android-8/arch-arm/usr/lib -nostdlib /home/paris/android-ndk-r5b/platforms/android-8/arch-arm/usr/lib/crtbegin_dynamic.o /home/paris/android-ndk-r5b/platforms/android-8/arch-arm/usr/lib/crtend_android.o -lc -lm -ldl -lgcc  -lm
/home/paris/android-ndk-r5b/toolchains/arm-eabi-4.4.0/prebuilt/linux-x86/bin/../lib/gcc/arm-eabi/4.4.0/../../../../arm-eabi/bin/ld: cannot find -lavifil32
collect2: ld returned 1 exit status
--------------------------------------------------
checking for avcodec_decode_video2(0,0,0,0); in libavformat/avformat.h... no
Failed commandline was:
--------------------------------------------------
/home/paris/android-ndk-r5b/toolchains/arm-eabi-4.4.0/prebuilt/linux-x86/bin/arm-eabi-gcc conftest.c  -Wall -I.  -I/home/paris/android-ndk-r5b/platforms/android-8/arch-arm/usr/include -fPIC -DANDROID -fpic -mthumb-interwork -ffunction-sections -funwind-tables -fstack-protector -fno-short-enums -D__ARM_ARCH_5__ -D__ARM_ARCH_5T__ -D__ARM_ARCH_5E__ -D__ARM_ARCH_5TE__  -Wno-psabi -march=armv5te -mtune=xscale -msoft-float -mthumb -Os -fomit-frame-pointer -fno-strict-aliasing -finline-limit=64 -DANDROID  -Wa,--noexecstack -MMD -MP  -std=gnu99  -L. -lavformat -lm -lz   -L/home/paris/android-ndk-r5b/toolchains/arm-eabi-4.4.0/prebuilt/linux-x86/lib/gcc/arm-eabi/4.4.0  -nostdlib -Bdynamic  -Wl,--no-undefined -Wl,-z,noexecstack  -Wl,-z,nocopyreloc -Wl,-soname,/system/lib/libz.so -Wl,-rpath-link=/home/paris/android-ndk-r5b/platforms/android-8/arch-arm/usr/lib,-dynamic-linker=/system/bin/linker -L/home/paris/android-ndk-r5b/platforms/android-8/arch-arm/usr/lib -nostdlib /home/paris/android-ndk-r5b/platforms/android-8/arch-arm/usr/lib/crtbegin_dynamic.o /home/paris/android-ndk-r5b/platforms/android-8/arch-arm/usr/lib/crtend_android.o -lc -lm -ldl -lgcc  -lm
conftest.c:1:34: error: libavformat/avformat.h: No such file or directory
conftest.c: In function 'main':
conftest.c:2: warning: implicit declaration of function 'avcodec_decode_video2'
--------------------------------------------------
checking for FFMS_DestroyVideoSource(0); in ffms.h... no
Failed commandline was:
--------------------------------------------------
/home/paris/android-ndk-r5b/toolchains/arm-eabi-4.4.0/prebuilt/linux-x86/bin/arm-eabi-gcc conftest.c  -Wall -I.  -I/home/paris/android-ndk-r5b/platforms/android-8/arch-arm/usr/include -fPIC -DANDROID -fpic -mthumb-interwork -ffunction-sections -funwind-tables -fstack-protector -fno-short-enums -D__ARM_ARCH_5__ -D__ARM_ARCH_5T__ -D__ARM_ARCH_5E__ -D__ARM_ARCH_5TE__  -Wno-psabi -march=armv5te -mtune=xscale -msoft-float -mthumb -Os -fomit-frame-pointer -fno-strict-aliasing -finline-limit=64 -DANDROID  -Wa,--noexecstack -MMD -MP  -std=gnu99  -lffms2   -L/home/paris/android-ndk-r5b/toolchains/arm-eabi-4.4.0/prebuilt/linux-x86/lib/gcc/arm-eabi/4.4.0  -nostdlib -Bdynamic  -Wl,--no-undefined -Wl,-z,noexecstack  -Wl,-z,nocopyreloc -Wl,-soname,/system/lib/libz.so -Wl,-rpath-link=/home/paris/android-ndk-r5b/platforms/android-8/arch-arm/usr/lib,-dynamic-linker=/system/bin/linker -L/home/paris/android-ndk-r5b/platforms/android-8/arch-arm/usr/lib -nostdlib /home/paris/android-ndk-r5b/platforms/android-8/arch-arm/usr/lib/crtbegin_dynamic.o /home/paris/android-ndk-r5b/platforms/android-8/arch-arm/usr/lib/crtend_android.o -lc -lm -ldl -lgcc  -lm
conftest.c:1:18: error: ffms.h: No such file or directory
conftest.c: In function 'main':
conftest.c:2: warning: implicit declaration of function 'FFMS_DestroyVideoSource'
--------------------------------------------------
checking for FFMS_DestroyVideoSource(0); in ffms.h... no
Failed commandline was:
--------------------------------------------------
/home/paris/android-ndk-r5b/toolchains/arm-eabi-4.4.0/prebuilt/linux-x86/bin/arm-eabi-gcc conftest.c  -Wall -I.  -I/home/paris/android-ndk-r5b/platforms/android-8/arch-arm/usr/include -fPIC -DANDROID -fpic -mthumb-interwork -ffunction-sections -funwind-tables -fstack-protector -fno-short-enums -D__ARM_ARCH_5__ -D__ARM_ARCH_5T__ -D__ARM_ARCH_5E__ -D__ARM_ARCH_5TE__  -Wno-psabi -march=armv5te -mtune=xscale -msoft-float -mthumb -Os -fomit-frame-pointer -fno-strict-aliasing -finline-limit=64 -DANDROID  -Wa,--noexecstack -MMD -MP  -std=gnu99  -lffms2 -lstdc++ -L. -lavformat -lm -lz   -L/home/paris/android-ndk-r5b/toolchains/arm-eabi-4.4.0/prebuilt/linux-x86/lib/gcc/arm-eabi/4.4.0  -nostdlib -Bdynamic  -Wl,--no-undefined -Wl,-z,noexecstack  -Wl,-z,nocopyreloc -Wl,-soname,/system/lib/libz.so -Wl,-rpath-link=/home/paris/android-ndk-r5b/platforms/android-8/arch-arm/usr/lib,-dynamic-linker=/system/bin/linker -L/home/paris/android-ndk-r5b/platforms/android-8/arch-arm/usr/lib -nostdlib /home/paris/android-ndk-r5b/platforms/android-8/arch-arm/usr/lib/crtbegin_dynamic.o /home/paris/android-ndk-r5b/platforms/android-8/arch-arm/usr/lib/crtend_android.o -lc -lm -ldl -lgcc  -lm
conftest.c:1:18: error: ffms.h: No such file or directory
conftest.c: In function 'main':
conftest.c:2: warning: implicit declaration of function 'FFMS_DestroyVideoSource'
--------------------------------------------------
checking for -fno-tree-vectorize... yes
checking for fseeko(stdin,0,0); in stdio.h... yes
checking for -Wshadow... yes

Platform:   ARM
System:     LINUX
asm:        no
avs:        no
lavf:       no
ffms:       no
gpac:       no
gpl:        yes
pthread:    no
filters:    crop select_every 
debug:      no
gprof:      no
PIC:        no
shared:     no
visualize:  no
bit depth:  8
